Sun Dec 22 22:00:17 ora solare Europa occidentale 2013:
undefined method `[]' for nil:NilClass
PokemonField:1426
PokemonField:1423:in `call'
PBEvent:54:in `trigger'
PBEvent:49:in `each'
PBEvent:49:in `trigger'
Game_Character_2:67:in `update_move'
Game_Character_2:6:in `update_old2'
Walk_Run:96:in `update_rmxos_later'
(RMX-OS) Script:3231:in `update'
(RMX-OS) Script:880:in `update_map_players'
(RMX-OS) Script:880:in `each_value'
(RMX-OS) Script:880:in `update_map_players'
(RMX-OS) Script:3751:in `update'
Scene_Map:68:in `main_rmxos_later'
Scene_Map:65:in `loop'
Scene_Map:72:in `main_rmxos_later'
(RMX-OS) Script:3738:in `main'
(RMX-OS) Main:47

Sun Dec 22 22:07:21 ora solare Europa occidentale 2013:
¡El jugador no tiene Pokémon sanos!
PokeBattle_OnlineBattle:2210:in `pbStartBattleCore'
PokeBattle_OnlineBattle:2068:in `pbStartBattle'
BattleConnect:245:in `start_battle'
BattleConnect:225:in `check_battle'
BattleConnect:82:in `handle'
BattleConnect:62:in `update'
BattleConnect:45:in `main'
BattleConnect:43:in `loop'
BattleConnect:50:in `main'
(RMX-OS) Main:47

Sat Dec 28 22:32:27 ora solare Europa occidentale 2013:
Trainer has no unfainted Pokémon
PokeBattle_OnlineBattle:2238:in `pbStartBattleCore'
PokeBattle_OnlineBattle:2143:in `pbStartBattle'
BattleConnect:245:in `start_battle'
BattleConnect:225:in `check_battle'
BattleConnect:82:in `handle'
BattleConnect:62:in `update'
BattleConnect:45:in `main'
BattleConnect:43:in `loop'
BattleConnect:50:in `main'
(RMX-OS) Main:47

Sat Dec 28 22:32:35 ora solare Europa occidentale 2013:
Player has no unfainted Pokémon
PokeBattle_OnlineBattle:2285:in `pbStartBattleCore'
PokeBattle_OnlineBattle:2143:in `pbStartBattle'
BattleConnect:245:in `start_battle'
BattleConnect:225:in `check_battle'
BattleConnect:82:in `handle'
BattleConnect:62:in `update'
BattleConnect:45:in `main'
BattleConnect:43:in `loop'
BattleConnect:50:in `main'
(RMX-OS) Main:47

Sat Dec 28 22:34:30 ora solare Europa occidentale 2013:
Trainer has no unfainted Pokémon
PokeBattle_OnlineBattle:2238:in `pbStartBattleCore'
PokeBattle_OnlineBattle:2143:in `pbStartBattle'
BattleConnect:245:in `start_battle'
BattleConnect:225:in `check_battle'
BattleConnect:82:in `handle'
BattleConnect:62:in `update'
BattleConnect:45:in `main'
BattleConnect:43:in `loop'
BattleConnect:50:in `main'
(RMX-OS) Main:47

Tue Oct 06 22:34:35 Central Daylight Time 2020:
undefined method `crypt' for 0:Fixnum
BattleConnect:126:in `encrypt_password'
BattleConnect:139:in `attempt_login'
BattleConnect:106:in `check_connection'
BattleConnect:77:in `handle'
BattleConnect:62:in `update'
BattleConnect:45:in `main'
BattleConnect:43:in `loop'
BattleConnect:50:in `main'
(RMX-OS) Main:47

Tue Oct 06 22:37:13 Central Daylight Time 2020:
undefined method `crypt' for 0:Fixnum
BattleConnect:126:in `encrypt_password'
BattleConnect:139:in `attempt_login'
BattleConnect:106:in `check_connection'
BattleConnect:77:in `handle'
BattleConnect:62:in `update'
BattleConnect:45:in `main'
BattleConnect:43:in `loop'
BattleConnect:50:in `main'
(RMX-OS) Main:47

Sat Nov 14 18:54:34 Central Standard Time 2020:
undefined method `check_registration' for #<BattlePVP:0x138b0aa8>
BattleConnect:79:in `handle'
BattleConnect:62:in `update'
BattleConnect:159:in `check_login'
BattleConnect:80:in `handle'
BattleConnect:62:in `update'
BattleConnect:45:in `main'
BattleConnect:43:in `loop'
BattleConnect:50:in `main'
(RMX-OS) Main:47

Sat Nov 14 19:11:39 Central Standard Time 2020:
undefined method `check_registration' for #<BattlePVP:0x121ccdc8>
BattleConnect:79:in `handle'
BattleConnect:62:in `update'
BattleConnect:159:in `check_login'
BattleConnect:80:in `handle'
BattleConnect:62:in `update'
BattleConnect:45:in `main'
BattleConnect:43:in `loop'
BattleConnect:50:in `main'
(RMX-OS) Main:47

Sat Nov 14 22:47:43 Central Standard Time 2020:
Trainer has no unfainted Pokémon
PokeBattle_OnlineBattle:2240:in `pbStartBattleCore'
PokeBattle_OnlineBattle:2145:in `pbStartBattle'
BattleConnect:248:in `start_battle'
BattleConnect:228:in `check_battle'
BattleConnect:82:in `handle'
BattleConnect:62:in `update'
BattleConnect:45:in `main'
BattleConnect:43:in `loop'
BattleConnect:50:in `main'
(RMX-OS) Main:47

Sat Nov 14 22:48:00 Central Standard Time 2020:
Player has no unfainted Pokémon
PokeBattle_OnlineBattle:2287:in `pbStartBattleCore'
PokeBattle_OnlineBattle:2145:in `pbStartBattle'
BattleConnect:248:in `start_battle'
BattleConnect:228:in `check_battle'
BattleConnect:82:in `handle'
BattleConnect:62:in `update'
BattleConnect:45:in `main'
BattleConnect:43:in `loop'
BattleConnect:50:in `main'
(RMX-OS) Main:47

Sat Nov 14 22:55:57 Central Standard Time 2020:
undefined method `isMega?' for #<PokeBattle_FakeBattler:0x13d50588>
PokeBattle_ActualScene:748:in `refresh'
PokeBattle_ActualScene:651:in `initialize'
PokeBattle_ActualScene:1886:in `new'
PokeBattle_ActualScene:1886:in `pbStartBattle'
PokeBattle_SafariZone:101:in `pbStartBattle'
PokemonSafari:114:in `pbSafariBattle'
PokemonSafari:113:in `pbSceneStandby'
PokemonSafari:115:in `pbSafariBattle'
PokemonSafari:112:in `pbBattleAnimation'
PokemonSafari:112:in `pbSafariBattle'
PokemonSafari:102
PokemonSafari:96:in `call'
PBEvent:54:in `trigger'
PBEvent:49:in `each'
PBEvent:49:in `trigger'
PokemonField:1001:in `pbWildBattle'
PokemonField:1472:in `pbBattleOnStepTaken'
PokemonField:1496:in `pbOnStepTaken'
Game_Player_:452:in `update_old'
Walk_Run:75:in `update_network_later'
(RMX-OS) Script:3381:in `update'
Scene_Map:104:in `update_rmxos_later'
Scene_Map:101:in `loop'
Scene_Map:114:in `update_rmxos_later'
(RMX-OS) Script:3765:in `update'
Scene_Map:68:in `main_rmxos_later'
Scene_Map:65:in `loop'
Scene_Map:72:in `main_rmxos_later'
(RMX-OS) Script:3748:in `main'
(RMX-OS) Main:47

Sat Nov 14 22:56:28 Central Standard Time 2020:
undefined method `isMega?' for #<PokeBattle_FakeBattler:0x13cf5280>
PokeBattle_ActualScene:748:in `refresh'
PokeBattle_ActualScene:651:in `initialize'
PokeBattle_ActualScene:1886:in `new'
PokeBattle_ActualScene:1886:in `pbStartBattle'
PokeBattle_SafariZone:101:in `pbStartBattle'
PokemonSafari:114:in `pbSafariBattle'
PokemonSafari:113:in `pbSceneStandby'
PokemonSafari:115:in `pbSafariBattle'
PokemonSafari:112:in `pbBattleAnimation'
PokemonSafari:112:in `pbSafariBattle'
PokemonSafari:102
PokemonSafari:96:in `call'
PBEvent:54:in `trigger'
PBEvent:49:in `each'
PBEvent:49:in `trigger'
PokemonField:1001:in `pbWildBattle'
PokemonField:1472:in `pbBattleOnStepTaken'
PokemonField:1496:in `pbOnStepTaken'
Game_Player_:452:in `update_old'
Walk_Run:75:in `update_network_later'
(RMX-OS) Script:3381:in `update'
Scene_Map:104:in `update_rmxos_later'
Scene_Map:101:in `loop'
Scene_Map:114:in `update_rmxos_later'
(RMX-OS) Script:3765:in `update'
Scene_Map:68:in `main_rmxos_later'
Scene_Map:65:in `loop'
Scene_Map:72:in `main_rmxos_later'
(RMX-OS) Script:3748:in `main'
(RMX-OS) Main:47

Sat Nov 14 23:26:50 Central Standard Time 2020:
undefined method `Scene_Map' for nil:NilClass
BattleConnect:180:in `check_login'
BattleConnect:80:in `handle'
BattleConnect:62:in `update'
BattleConnect:45:in `main'
BattleConnect:43:in `loop'
BattleConnect:50:in `main'
(RMX-OS) Main:47

Sat Nov 14 23:44:18 Central Standard Time 2020:
unexpected break
BattleConnect:184:in `check_login'
BattleConnect:80:in `handle'
BattleConnect:62:in `update'
BattleConnect:45:in `main'
BattleConnect:43:in `loop'
BattleConnect:50:in `main'
(RMX-OS) Main:47

Sat Nov 14 23:45:17 Central Standard Time 2020:
disposed viewport
BattleConnect:63:in `update'
BattleConnect:63:in `update'
BattleConnect:45:in `main'
BattleConnect:43:in `loop'
BattleConnect:50:in `main'
(RMX-OS) Main:47

Sat Nov 14 23:46:38 Central Standard Time 2020:
disposed viewport
BattleConnect:63:in `update'
BattleConnect:63:in `update'
BattleConnect:45:in `main'
BattleConnect:43:in `loop'
BattleConnect:50:in `main'
(RMX-OS) Main:47

Sat Nov 14 23:51:54 Central Standard Time 2020:
An established connection was aborted by the software in your host machine.
(RMX-OS) Script:2496:in `check'
(RMX-OS) Script:2447:in `recv'
Network:50:in `listen'
BattleConnect:61:in `update'
BattleConnect:45:in `main'
BattleConnect:43:in `loop'
BattleConnect:50:in `main'
(RMX-OS) Main:47

Sat Nov 14 23:57:53 Central Standard Time 2020:
undefined method `check_registration' for #<BattlePVP:0x139305c8>
BattleConnect:79:in `handle'
BattleConnect:62:in `update'
BattleConnect:158:in `check_login'
BattleConnect:80:in `handle'
BattleConnect:62:in `update'
BattleConnect:45:in `main'
BattleConnect:43:in `loop'
BattleConnect:50:in `main'
(RMX-OS) Main:47

Sun Nov 15 00:07:44 Central Standard Time 2020:
undefined method `update' for nil:NilClass
BattleConnect:64:in `update'
BattleConnect:45:in `main'
BattleConnect:43:in `loop'
BattleConnect:50:in `main'
(RMX-OS) Main:47

Sun Nov 15 11:56:58 Central Standard Time 2020:
undefined method `bitmap' for nil:NilClass
(MRMX-OS) Scenes:127:in `create_scene'
(RMX-OS) Script:5637:in `create_scene'
(RMX-OS) Script:5443:in `main'
(RMX-OS) Main:47

Sun Nov 15 11:57:37 Central Standard Time 2020:
undefined method `font' for nil:NilClass
SpriteWindow:1732:in `pbSetSystemFont'
(MRMX-OS) Scenes:127:in `create_scene'
(RMX-OS) Script:5637:in `create_scene'
(RMX-OS) Script:5443:in `main'
(RMX-OS) Main:47

Sun Nov 15 13:39:08 Central Standard Time 2020:
uninitialized constant Input::Q
BattleConnect:46:in `main'
BattleConnect:43:in `loop'
BattleConnect:50:in `main'
(RMX-OS) Main:47

Sun Nov 15 13:40:05 Central Standard Time 2020:
disposed viewport
BattleConnect:63:in `update'
BattleConnect:63:in `update'
BattleConnect:45:in `main'
BattleConnect:43:in `loop'
BattleConnect:50:in `main'
(RMX-OS) Main:47

Sun Nov 15 13:41:27 Central Standard Time 2020:
disposed viewport
BattleConnect:63:in `update'
BattleConnect:63:in `update'
BattleConnect:45:in `main'
BattleConnect:43:in `loop'
BattleConnect:50:in `main'
(RMX-OS) Main:47

Sun Nov 15 13:52:39 Central Standard Time 2020:
undefined method `disposed?' for #<Viewport:0x1375a850>
BattleConnect:63:in `update'
BattleConnect:45:in `main'
BattleConnect:43:in `loop'
BattleConnect:50:in `main'
(RMX-OS) Main:47

Sun Nov 15 13:54:16 Central Standard Time 2020:
undefined method `disposed?' for #<Viewport:0x13650c90>
BattleConnect:63:in `update'
BattleConnect:45:in `main'
BattleConnect:43:in `loop'
BattleConnect:50:in `main'
(RMX-OS) Main:47

Sun Nov 15 13:55:19 Central Standard Time 2020:
disposed viewport
BattleConnect:64:in `update'
BattleConnect:64:in `update'
BattleConnect:45:in `main'
BattleConnect:43:in `loop'
BattleConnect:50:in `main'
(RMX-OS) Main:47

Sun Nov 15 15:34:01 Central Standard Time 2020:
An existing connection was forcibly closed by the remote host.
(RMX-OS) Script:2524:in `check'
(RMX-OS) Script:2475:in `recv'
(RMX-OS) Script:911:in `listen'
(RMX-OS) Script:3799:in `update'
Scene_Map:68:in `main_rmxos_later'
Scene_Map:65:in `loop'
Scene_Map:72:in `main_rmxos_later'
(RMX-OS) Script:3787:in `main'
(RMX-OS) Main:47

Sun Nov 15 15:34:45 Central Standard Time 2020:
undefined method `crypt' for 0:Fixnum
BattleConnect:127:in `encrypt_password'
BattleConnect:140:in `attempt_login'
BattleConnect:107:in `check_connection'
BattleConnect:78:in `handle'
BattleConnect:63:in `update'
BattleConnect:46:in `main'
BattleConnect:44:in `loop'
BattleConnect:51:in `main'
(RMX-OS) Main:47

Sun Nov 15 15:34:49 Central Standard Time 2020:
undefined method `crypt' for 1:Fixnum
BattleConnect:127:in `encrypt_password'
BattleConnect:140:in `attempt_login'
BattleConnect:107:in `check_connection'
BattleConnect:78:in `handle'
BattleConnect:63:in `update'
BattleConnect:46:in `main'
BattleConnect:44:in `loop'
BattleConnect:51:in `main'
(RMX-OS) Main:47

Sun Nov 15 15:38:42 Central Standard Time 2020:
undefined method `crypt' for 0:Fixnum
BattleConnect:127:in `encrypt_password'
BattleConnect:141:in `attempt_login'
BattleConnect:107:in `check_connection'
BattleConnect:78:in `handle'
BattleConnect:63:in `update'
BattleConnect:46:in `main'
BattleConnect:44:in `loop'
BattleConnect:51:in `main'
(RMX-OS) Main:47

Sun Nov 15 15:47:24 Central Standard Time 2020:
undefined method `crypt' for 0:Fixnum
BattleConnect:127:in `encrypt_password'
BattleConnect:141:in `attempt_login'
BattleConnect:107:in `check_connection'
BattleConnect:78:in `handle'
BattleConnect:63:in `update'
BattleConnect:46:in `main'
BattleConnect:44:in `loop'
BattleConnect:51:in `main'
(RMX-OS) Main:47

Sun Nov 15 15:56:02 Central Standard Time 2020:
cannot convert nil into String
(RMX-OS) Script:2652:in `eval'
(RMX-OS) Script:2652:in `rmxos_deserialize'
(RMX-OS) Script:2642:in `each_index'
(RMX-OS) Script:2642:in `rmxos_deserialize'
(RMX-OS) Script:2295:in `load_game'
(RMX-OS) Script:2291:in `each'
(RMX-OS) Script:2291:in `load_game'
(RMX-OS) Script:2285:in `each'
(RMX-OS) Script:2285:in `load_game'
(RMX-OS) Script:1206:in `check_loading'
(RMX-OS) Script:930:in `listen'
(RMX-OS) Script:926:in `each'
(RMX-OS) Script:926:in `listen'
(RMX-OS) Script:6305:in `update'
(RMX-OS) Script:5476:in `main'
(RMX-OS) Script:5473:in `loop'
(RMX-OS) Script:5478:in `main'
(RMX-OS) Main:47

Sun Nov 15 15:57:04 Central Standard Time 2020:
cannot convert Fixnum into String
PokemonField:1505:in `+'
PokemonField:1505:in `pbGetPlayerCharset'
PokemonField:1528:in `pbUpdateVehicle'
PokemonField:1539:in `pbCancelVehicles'
Scene_Map:225:in `transfer_player_rmxos_later'
(RMX-OS) Script:3819:in `transfer_player'
PokemonDebug:331:in `pbDebugMenu'
PokemonDebug:297:in `loop'
PokemonDebug:823:in `pbDebugMenu'
PokemonPauseMenu*:253:in `pbStartPokemonMenu'
PokemonPauseMenu*:252:in `pbFadeOutIn'
PokemonPauseMenu*:252:in `pbStartPokemonMenu'
PokemonPauseMenu*:146:in `loop'
PokemonPauseMenu*:271:in `pbStartPokemonMenu'
Scene_Map:188:in `call_menu'
Scene_Map:159:in `update_rmxos_later'
(RMX-OS) Script:3804:in `update'
Scene_Map:68:in `main_rmxos_later'
Scene_Map:65:in `loop'
Scene_Map:72:in `main_rmxos_later'
(RMX-OS) Script:3787:in `main'
(RMX-OS) Main:47

Sun Nov 15 15:57:44 Central Standard Time 2020:
cannot convert Fixnum into String
PokemonField:1505:in `+'
PokemonField:1505:in `pbGetPlayerCharset'
PokemonField:1528:in `pbUpdateVehicle'
PokemonField:1539:in `pbCancelVehicles'
Scene_Map:225:in `transfer_player_rmxos_later'
(RMX-OS) Script:3819:in `transfer_player'
PokemonDebug:331:in `pbDebugMenu'
PokemonDebug:297:in `loop'
PokemonDebug:823:in `pbDebugMenu'
PokemonPauseMenu*:253:in `pbStartPokemonMenu'
PokemonPauseMenu*:252:in `pbFadeOutIn'
PokemonPauseMenu*:252:in `pbStartPokemonMenu'
PokemonPauseMenu*:146:in `loop'
PokemonPauseMenu*:271:in `pbStartPokemonMenu'
Scene_Map:188:in `call_menu'
Scene_Map:159:in `update_rmxos_later'
(RMX-OS) Script:3804:in `update'
Scene_Map:68:in `main_rmxos_later'
Scene_Map:65:in `loop'
Scene_Map:72:in `main_rmxos_later'
(RMX-OS) Script:3787:in `main'
(RMX-OS) Main:47

Sun Nov 15 15:58:46 Central Standard Time 2020:
cannot convert Fixnum into String
PokemonField:1505:in `+'
PokemonField:1505:in `pbGetPlayerCharset'
PokemonField:1528:in `pbUpdateVehicle'
PokemonField:1539:in `pbCancelVehicles'
Scene_Map:225:in `transfer_player_rmxos_later'
(RMX-OS) Script:3819:in `transfer_player'
Scene_Map:110:in `update_rmxos_later'
Scene_Map:101:in `loop'
Scene_Map:114:in `update_rmxos_later'
(RMX-OS) Script:3804:in `update'
Scene_Map:68:in `main_rmxos_later'
Scene_Map:65:in `loop'
Scene_Map:72:in `main_rmxos_later'
(RMX-OS) Script:3787:in `main'
(RMX-OS) Main:47

Sun Nov 15 16:00:17 Central Standard Time 2020:
cannot convert nil into String
(RMX-OS) Script:2652:in `eval'
(RMX-OS) Script:2652:in `rmxos_deserialize'
(RMX-OS) Script:2642:in `each_index'
(RMX-OS) Script:2642:in `rmxos_deserialize'
(RMX-OS) Script:2295:in `load_game'
(RMX-OS) Script:2291:in `each'
(RMX-OS) Script:2291:in `load_game'
(RMX-OS) Script:2285:in `each'
(RMX-OS) Script:2285:in `load_game'
(RMX-OS) Script:1206:in `check_loading'
(RMX-OS) Script:930:in `listen'
(RMX-OS) Script:926:in `each'
(RMX-OS) Script:926:in `listen'
(RMX-OS) Script:6305:in `update'
(RMX-OS) Script:5476:in `main'
(RMX-OS) Script:5473:in `loop'
(RMX-OS) Script:5478:in `main'
(RMX-OS) Main:47

Sun Nov 15 16:08:11 Central Standard Time 2020:
cannot convert Fixnum into String
PokemonField:1505:in `+'
PokemonField:1505:in `pbGetPlayerCharset'
PokemonField:1528:in `pbUpdateVehicle'
PokemonField:1539:in `pbCancelVehicles'
Scene_Map:225:in `transfer_player_rmxos_later'
(RMX-OS) Script:3819:in `transfer_player'
Scene_Map:110:in `update_rmxos_later'
Scene_Map:101:in `loop'
Scene_Map:114:in `update_rmxos_later'
(RMX-OS) Script:3804:in `update'
Scene_Map:68:in `main_rmxos_later'
Scene_Map:65:in `loop'
Scene_Map:72:in `main_rmxos_later'
(RMX-OS) Script:3787:in `main'
(RMX-OS) Main:47

Sun Nov 15 16:08:47 Central Standard Time 2020:
cannot convert Fixnum into String
PokemonField:1505:in `+'
PokemonField:1505:in `pbGetPlayerCharset'
PokemonField:1528:in `pbUpdateVehicle'
PokemonField:1539:in `pbCancelVehicles'
Scene_Map:225:in `transfer_player_rmxos_later'
(RMX-OS) Script:3819:in `transfer_player'
Scene_Map:110:in `update_rmxos_later'
Scene_Map:101:in `loop'
Scene_Map:114:in `update_rmxos_later'
(RMX-OS) Script:3804:in `update'
Scene_Map:68:in `main_rmxos_later'
Scene_Map:65:in `loop'
Scene_Map:72:in `main_rmxos_later'
(RMX-OS) Script:3787:in `main'
(RMX-OS) Main:47

Sun Nov 15 16:15:33 Central Standard Time 2020:
undefined method `check_registration' for #<BattlePVP:0x12661828>
BattleConnect:80:in `handle'
BattleConnect:63:in `update'
BattleConnect:160:in `check_login'
BattleConnect:81:in `handle'
BattleConnect:63:in `update'
BattleConnect:46:in `main'
BattleConnect:44:in `loop'
BattleConnect:51:in `main'
(RMX-OS) Main:47

Sun Nov 15 16:15:39 Central Standard Time 2020:
undefined method `check_registration' for #<BattlePVP:0x1401f530>
BattleConnect:80:in `handle'
BattleConnect:63:in `update'
BattleConnect:160:in `check_login'
BattleConnect:81:in `handle'
BattleConnect:63:in `update'
BattleConnect:46:in `main'
BattleConnect:44:in `loop'
BattleConnect:51:in `main'
(RMX-OS) Main:47

Sun Nov 15 21:03:38 Central Standard Time 2020:
undefined method `ready?' for nil:NilClass
Network:49:in `listen'
BattleConnect:62:in `update'
BattleConnect:46:in `main'
BattleConnect:44:in `loop'
BattleConnect:51:in `main'
(RMX-OS) Main:47

Sun Nov 15 21:05:31 Central Standard Time 2020:
undefined method `check_registration' for #<BattlePVP:0x13af54b0>
BattleConnect:80:in `handle'
BattleConnect:63:in `update'
BattleConnect:159:in `check_login'
BattleConnect:81:in `handle'
BattleConnect:63:in `update'
BattleConnect:46:in `main'
BattleConnect:44:in `loop'
BattleConnect:51:in `main'
(RMX-OS) Main:47

Sun Nov 15 21:37:17 Central Standard Time 2020:
Script error within event 2, map 9 (Cedolan City Poké Center):
Exception: NoMethodError
Message: (eval):1:in `pbExecuteScript'undefined method `pbPokemonFollow' for #<Interpreter:0x1396e1b0>
***Full script:
pbPokemonFollow(8)

Interpreter**:243:in `pbExecuteScript'
Interpreter**:1623:in `eval'
Interpreter**:243:in `pbExecuteScript'
Interpreter**:1623:in `command_355'
Interpreter**:494:in `execute_command'
Interpreter**:193:in `update'
Interpreter**:106:in `loop'
Interpreter**:198:in `update'
Scene_Map:103:in `update_rmxos_later'
Scene_Map:101:in `loop'

Interpreter**:276:in `pbExecuteScript'
Interpreter**:1623:in `command_355'
Interpreter**:494:in `execute_command'
Interpreter**:193:in `update'
Interpreter**:106:in `loop'
Interpreter**:198:in `update'
Scene_Map:103:in `update_rmxos_later'
Scene_Map:101:in `loop'
Scene_Map:114:in `update_rmxos_later'
(RMX-OS) Script:3787:in `update'
Scene_Map:68:in `main_rmxos_later'
Scene_Map:65:in `loop'
Scene_Map:72:in `main_rmxos_later'
(RMX-OS) Script:3770:in `main'
(RMX-OS) Main:47

Mon Nov 16 21:26:23 Central Standard Time 2020:
uninitialized constant RMXOS::Data::Enter
(RMX-OS) Script:6224:in `create_buttons'
(RMX-OS) Script:5829:in `create_scene'
(RMX-OS) Script:5449:in `main'
(RMX-OS) Main:47

Tue Nov 17 21:21:58 Central Standard Time 2020:
uninitialized constant RMXOS::Network::Kernal
(RMX-OS) Script:884:in `update_map_players'
(RMX-OS) Script:883:in `each_value'
(RMX-OS) Script:883:in `update_map_players'
(RMX-OS) Script:3781:in `update'
Scene_Map:68:in `main_rmxos_later'
Scene_Map:65:in `loop'
Scene_Map:72:in `main_rmxos_later'
(RMX-OS) Script:3768:in `main'
(RMX-OS) Main:47

Tue Nov 17 21:26:58 Central Standard Time 2020:
undefined method `crypt' for 0:Fixnum
BattleConnect:127:in `encrypt_password'
BattleConnect:141:in `attempt_login'
BattleConnect:107:in `check_connection'
BattleConnect:78:in `handle'
BattleConnect:63:in `update'
BattleConnect:46:in `main'
BattleConnect:44:in `loop'
BattleConnect:51:in `main'
(RMX-OS) Main:47

Tue Nov 17 21:52:47 Central Standard Time 2020:
undefined method `crypt' for 0:Fixnum
BattleConnect:127:in `encrypt_password'
BattleConnect:141:in `attempt_login'
BattleConnect:107:in `check_connection'
BattleConnect:78:in `handle'
BattleConnect:63:in `update'
BattleConnect:46:in `main'
BattleConnect:44:in `loop'
BattleConnect:51:in `main'
(RMX-OS) Main:47

Tue Nov 17 21:53:58 Central Standard Time 2020:
undefined method `encrypt' for 0:Fixnum
BattleConnect:127:in `encrypt_password'
BattleConnect:141:in `attempt_login'
BattleConnect:107:in `check_connection'
BattleConnect:78:in `handle'
BattleConnect:63:in `update'
BattleConnect:46:in `main'
BattleConnect:44:in `loop'
BattleConnect:51:in `main'
(RMX-OS) Main:47

Tue Nov 17 22:01:27 Central Standard Time 2020:
undefined method `color' for nil:NilClass
(RMX-OS) Script:5024:in `draw_messages'
(RMX-OS) Script:5022:in `each'
(RMX-OS) Script:5022:in `draw_messages'
(RMX-OS) Script:5003:in `refresh_chat'
(RMX-OS) Script:5035:in `update'
(RMX-OS) Script:3862:in `update_chat_pkmn_alias'
(MRMX-OS) Scenes:96:in `update_chat'
(RMX-OS) Script:3788:in `update'
Scene_Map:68:in `main_rmxos_later'
Scene_Map:65:in `loop'
Scene_Map:72:in `main_rmxos_later'
(RMX-OS) Script:3773:in `main'
(RMX-OS) Main:47

Tue Nov 17 22:18:15 Central Standard Time 2020:
undefined local variable or method `start_battle' for #<RMXOS::Network:0x13a30bc0>
(RMX-OS) Script:1052:in `check_game_online_awareness_alias'
AWARENESS:109:in `check_game_pokemon_trade_alias'
(RMX-OS) Trade:31:in `check_game'
(RMX-OS) Script:936:in `listen'
(RMX-OS) Script:935:in `each'
(RMX-OS) Script:935:in `listen'
(RMX-OS) Script:3789:in `update'
Scene_Map:68:in `main_rmxos_later'
Scene_Map:65:in `loop'
Scene_Map:72:in `main_rmxos_later'
(RMX-OS) Script:3777:in `main'
(RMX-OS) Main:47

Tue Nov 17 22:18:32 Central Standard Time 2020:
undefined local variable or method `start_battle' for #<RMXOS::Network:0x128f5820>
(RMX-OS) Script:1052:in `check_game_online_awareness_alias'
AWARENESS:109:in `check_game_pokemon_trade_alias'
(RMX-OS) Trade:31:in `check_game'
(RMX-OS) Script:936:in `listen'
(RMX-OS) Script:935:in `each'
(RMX-OS) Script:935:in `listen'
(RMX-OS) Script:3789:in `update'
Scene_Map:68:in `main_rmxos_later'
Scene_Map:65:in `loop'
Scene_Map:72:in `main_rmxos_later'
(RMX-OS) Script:3777:in `main'
(RMX-OS) Main:47

Tue Nov 17 22:19:53 Central Standard Time 2020:
undefined local variable or method `start_battle' for #<RMXOS::Network:0x13a0dbd8>
(RMX-OS) Script:1052:in `check_game_online_awareness_alias'
AWARENESS:109:in `check_game_pokemon_trade_alias'
(RMX-OS) Trade:31:in `check_game'
(RMX-OS) Script:936:in `listen'
(RMX-OS) Script:935:in `each'
(RMX-OS) Script:935:in `listen'
(RMX-OS) Script:3789:in `update'
Scene_Map:68:in `main_rmxos_later'
Scene_Map:65:in `loop'
Scene_Map:72:in `main_rmxos_later'
(RMX-OS) Script:3777:in `main'
(RMX-OS) Main:47

Tue Nov 17 22:22:02 Central Standard Time 2020:
undefined local variable or method `start_battle' for #<RMXOS::Network:0x12917820>
(RMX-OS) Script:1052:in `check_game_online_awareness_alias'
AWARENESS:109:in `check_game_pokemon_trade_alias'
(RMX-OS) Trade:31:in `check_game'
(RMX-OS) Script:936:in `listen'
(RMX-OS) Script:935:in `each'
(RMX-OS) Script:935:in `listen'
(RMX-OS) Script:3789:in `update'
Scene_Map:68:in `main_rmxos_later'
Scene_Map:65:in `loop'
Scene_Map:72:in `main_rmxos_later'
(RMX-OS) Script:3777:in `main'
(RMX-OS) Main:47

Tue Nov 17 22:24:29 Central Standard Time 2020:
undefined method `encrypt' for "test1234":String
BattleConnect:127:in `encrypt_password'
BattleConnect:141:in `attempt_login'
BattleConnect:107:in `check_connection'
BattleConnect:78:in `handle'
BattleConnect:63:in `update'
BattleConnect:46:in `main'
BattleConnect:44:in `loop'
BattleConnect:51:in `main'
(RMX-OS) Main:47

Tue Nov 17 22:24:32 Central Standard Time 2020:
undefined method `encrypt' for "test12345":String
BattleConnect:127:in `encrypt_password'
BattleConnect:141:in `attempt_login'
BattleConnect:107:in `check_connection'
BattleConnect:78:in `handle'
BattleConnect:63:in `update'
BattleConnect:46:in `main'
BattleConnect:44:in `loop'
BattleConnect:51:in `main'
(RMX-OS) Main:47

Tue Nov 17 22:25:16 Central Standard Time 2020:
undefined method `check_registration' for #<BattlePVP:0x14076a80>
BattleConnect:80:in `handle'
BattleConnect:63:in `update'
BattleConnect:46:in `main'
BattleConnect:44:in `loop'
BattleConnect:51:in `main'
(RMX-OS) Main:47

Tue Nov 17 22:28:44 Central Standard Time 2020:
undefined method `check_registration' for #<BattlePVP:0x11dbb250>
BattleConnect:80:in `handle'
BattleConnect:63:in `update'
BattleConnect:46:in `main'
BattleConnect:44:in `loop'
BattleConnect:51:in `main'
(RMX-OS) Main:47

Fri Dec 18 22:38:19 Central Standard Time 2020:
undefined method `check_registration' for #<BattlePVP:0x11ea0fa8>
BattleConnect:80:in `handle'
BattleConnect:63:in `update'
BattleConnect:46:in `main'
BattleConnect:44:in `loop'
BattleConnect:51:in `main'
(RMX-OS) Main:47

Fri Dec 18 22:38:20 Central Standard Time 2020:
undefined method `check_registration' for #<BattlePVP:0x13dfe148>
BattleConnect:80:in `handle'
BattleConnect:63:in `update'
BattleConnect:46:in `main'
BattleConnect:44:in `loop'
BattleConnect:51:in `main'
(RMX-OS) Main:47

