2022-10-16 23:24:25 UTC; Main Thread - Debug:
Server starting...
2022-10-16 23:24:25 UTC; Main Thread - Debug:
Server forcibly stopping...
2022-10-16 23:28:11 UTC; Main Thread - Debug:
Server starting...
2022-10-16 23:28:11 UTC; Main Thread - Debug:
Server forcibly stopping...
2022-10-16 23:28:39 UTC; Main Thread - Debug:
Server starting...
2022-10-16 23:28:39 UTC; Main Thread - Debug:
Server forcibly stopping...
2022-10-16 23:29:59 UTC; Main Thread - Debug:
Server starting...
2022-10-16 23:29:59 UTC; Main Thread - Debug:
Server forcibly stopping...
2022-10-16 23:30:24 UTC; Main Thread - Debug:
Server starting...
2022-10-16 23:30:24 UTC; Main Thread - Debug:
Server forcibly stopping...
2023-10-01 21:54:16 UTC; Main Thread - Debug:
Server starting...
2023-10-01 21:54:16 UTC; Main Thread - Debug:
Server forcibly stopping...
2023-10-01 21:54:21 UTC; Main Thread - Debug:
Server starting...
2023-10-01 21:54:21 UTC; Main Thread - Debug:
Server forcibly stopping...
2023-10-01 21:54:26 UTC; Main Thread - Debug:
Server starting...
2023-10-01 21:54:26 UTC; Main Thread - Debug:
Server forcibly stopping...
2023-10-01 21:54:31 UTC; Main Thread - Debug:
Server starting...
2023-10-01 21:54:31 UTC; Main Thread - Debug:
Server forcibly stopping...
2023-10-01 21:54:36 UTC; Main Thread - Debug:
Server starting...
2023-10-01 21:54:36 UTC; Main Thread - Debug:
Server forcibly stopping...
2023-10-01 21:54:41 UTC; Main Thread - Debug:
Server starting...
2023-10-01 21:54:41 UTC; Main Thread - Debug:
Server forcibly stopping...
2023-10-01 21:56:47 UTC; Main Thread - Debug:
Server starting...
2023-10-01 21:56:47 UTC; Main Thread - Debug:
Server forcibly stopping...
2023-10-01 21:56:52 UTC; Main Thread - Debug:
Server starting...
2023-10-01 21:56:52 UTC; Main Thread - Debug:
Server forcibly stopping...
2023-10-01 21:56:57 UTC; Main Thread - Debug:
Server starting...
2023-10-01 21:56:57 UTC; Main Thread - Debug:
Server forcibly stopping...
2023-10-01 21:57:02 UTC; Main Thread - Debug:
Server starting...
2023-10-01 21:57:02 UTC; Main Thread - Debug:
Server forcibly stopping...
2023-10-01 21:57:07 UTC; Main Thread - Debug:
Server starting...
2023-10-01 21:57:07 UTC; Main Thread - Debug:
Server forcibly stopping...
2023-10-01 21:57:12 UTC; Main Thread - Debug:
Server starting...
2023-10-01 21:57:12 UTC; Main Thread - Debug:
Server forcibly stopping...
2023-10-01 21:57:18 UTC; Main Thread - Debug:
Server starting...
2023-10-01 21:57:18 UTC; Main Thread - Debug:
Server forcibly stopping...
2023-10-01 21:57:23 UTC; Main Thread - Debug:
Server starting...
2023-10-01 21:57:23 UTC; Main Thread - Debug:
Server forcibly stopping...
2023-10-01 21:57:28 UTC; Main Thread - Debug:
Server starting...
2023-10-01 21:57:28 UTC; Main Thread - Debug:
Server forcibly stopping...
2023-10-01 21:57:33 UTC; Main Thread - Debug:
Server starting...
2023-10-01 21:57:33 UTC; Main Thread - Debug:
Server forcibly stopping...
2023-10-01 21:57:38 UTC; Main Thread - Debug:
Server starting...
2023-10-01 21:57:38 UTC; Main Thread - Debug:
Server forcibly stopping...
2023-10-01 21:57:43 UTC; Main Thread - Debug:
Server starting...
2023-10-01 21:57:43 UTC; Main Thread - Debug:
Server forcibly stopping...
2023-10-01 21:57:48 UTC; Main Thread - Debug:
Server starting...
2023-10-01 21:57:48 UTC; Main Thread - Debug:
Server forcibly stopping...
2023-10-01 21:57:53 UTC; Main Thread - Debug:
Server starting...
2023-10-01 21:57:53 UTC; Main Thread - Debug:
Server forcibly stopping...
2023-10-01 21:57:58 UTC; Main Thread - Debug:
Server starting...
2023-10-01 21:57:58 UTC; Main Thread - Debug:
Server forcibly stopping...
2023-10-01 21:58:03 UTC; Main Thread - Debug:
Server starting...
2023-10-01 21:58:03 UTC; Main Thread - Debug:
Server forcibly stopping...
2023-10-01 21:58:08 UTC; Main Thread - Debug:
Server starting...
2023-10-01 21:58:08 UTC; Main Thread - Debug:
Server forcibly stopping...
2023-10-01 21:58:13 UTC; Main Thread - Debug:
Server starting...
2023-10-01 21:58:13 UTC; Main Thread - Debug:
Server forcibly stopping...
2023-10-01 21:58:19 UTC; Main Thread - Debug:
Server starting...
2023-10-01 21:58:19 UTC; Main Thread - Debug:
Server forcibly stopping...
2023-10-01 21:58:24 UTC; Main Thread - Debug:
Server starting...
2023-10-01 21:58:24 UTC; Main Thread - Debug:
Server forcibly stopping...
2023-10-01 21:58:29 UTC; Main Thread - Debug:
Server starting...
2023-10-01 21:58:29 UTC; Main Thread - Debug:
Server forcibly stopping...
2023-10-01 22:13:26 UTC; Main Thread - Debug:
Server starting...
2023-10-01 22:13:26 UTC; Main Thread - Debug:
Server forcibly stopping...
2023-10-01 22:13:32 UTC; Main Thread - Debug:
Server starting...
2023-10-01 22:13:32 UTC; Main Thread - Debug:
Server forcibly stopping...
2023-10-01 22:13:37 UTC; Main Thread - Debug:
Server starting...
2023-10-01 22:13:37 UTC; Main Thread - Debug:
Server forcibly stopping...
2023-10-01 22:13:42 UTC; Main Thread - Debug:
Server starting...
2023-10-01 22:13:42 UTC; Main Thread - Debug:
Server forcibly stopping...
2023-10-01 22:13:47 UTC; Main Thread - Debug:
Server starting...
2023-10-01 22:13:47 UTC; Main Thread - Debug:
Server forcibly stopping...
2023-10-01 22:13:52 UTC; Main Thread - Debug:
Server starting...
2023-10-01 22:13:52 UTC; Main Thread - Debug:
Server forcibly stopping...
2023-10-01 22:13:57 UTC; Main Thread - Debug:
Server starting...
2023-10-01 22:13:57 UTC; Main Thread - Debug:
Server forcibly stopping...
2023-10-01 22:14:02 UTC; Main Thread - Debug:
Server starting...
2023-10-01 22:14:02 UTC; Main Thread - Debug:
Server forcibly stopping...
2023-10-01 22:14:07 UTC; Main Thread - Debug:
Server starting...
2023-10-01 22:14:07 UTC; Main Thread - Debug:
Server forcibly stopping...
2023-10-01 22:14:12 UTC; Main Thread - Debug:
Server starting...
2023-10-01 22:14:12 UTC; Main Thread - Debug:
Server forcibly stopping...
2023-10-01 22:14:17 UTC; Main Thread - Debug:
Server starting...
2023-10-01 22:14:17 UTC; Main Thread - Debug:
Server forcibly stopping...
2023-10-01 22:14:22 UTC; Main Thread - Debug:
Server starting...
2023-10-01 22:14:22 UTC; Main Thread - Debug:
Server forcibly stopping...
2023-10-01 22:14:27 UTC; Main Thread - Debug:
Server starting...
2023-10-01 22:14:27 UTC; Main Thread - Debug:
Server forcibly stopping...
2023-10-01 22:19:17 UTC; Main Thread - Debug:
Server starting...
2023-10-01 22:19:17 UTC; Main Thread - Debug:
Server forcibly stopping...
2023-10-01 22:21:18 UTC; Main Thread - Debug:
Server starting...
2023-10-01 22:21:18 UTC; Main Thread - Debug:
Server forcibly stopping...
2023-10-01 22:21:23 UTC; Main Thread - Debug:
Server starting...
2023-10-01 22:21:23 UTC; Main Thread - Debug:
Server forcibly stopping...
2023-10-01 23:51:41 UTC; Main Thread - Debug:
Server starting...
2023-10-01 23:51:41 UTC; Main Thread - Debug:
Server forcibly stopping...
2023-10-01 23:51:46 UTC; Main Thread - Debug:
Server starting...
2023-10-01 23:51:46 UTC; Main Thread - Debug:
Server forcibly stopping...
2023-10-01 23:51:51 UTC; Main Thread - Debug:
Server starting...
2023-10-01 23:51:51 UTC; Main Thread - Debug:
Server forcibly stopping...
2023-10-02 00:12:33 UTC; Main Thread - Debug:
Server starting...
2023-10-02 00:12:33 UTC; Main Thread - Debug:
Server started.
2023-10-02 00:15:22 UTC; Main Thread - Debug:
New connection received.
2023-10-02 00:15:22 UTC; #<Thread:0x3048588 run> - Debug:
Thread started.
2023-10-02 00:15:22 UTC; #<Client:0x30482a0> - Debug:
Client connected. #<TCPSocket:fd 4>
2023-10-02 00:15:22 UTC; #<Client:0x30482a0> - Debug:
undefined method `+' for nil:NilClass
src/Server.rb:230:in `block in run'
2023-10-02 00:15:22 UTC; #<Client:0x30482a0> - Debug:
Client disconnected.
2023-10-02 00:15:22 UTC; #<Thread:0x3048588 run> - Debug:
Thread stopped.
2023-10-02 00:15:30 UTC; Main Thread - Debug:
New connection received.
2023-10-02 00:15:30 UTC; #<Thread:0x301aeb0 run> - Debug:
Thread started.
2023-10-02 00:15:30 UTC; #<Client:0x301abf8> - Debug:
Client connected. #<TCPSocket:fd 4>
2023-10-02 00:15:30 UTC; #<Client:0x301abf8> - Debug:
undefined method `+' for nil:NilClass
src/Server.rb:230:in `block in run'
2023-10-02 00:15:30 UTC; #<Client:0x301abf8> - Debug:
Client disconnected.
2023-10-02 00:15:30 UTC; #<Thread:0x301aeb0 run> - Debug:
Thread stopped.
2023-10-02 00:15:35 UTC; Main Thread - Debug:
New connection received.
2023-10-02 00:15:35 UTC; #<Thread:0x3002610 run> - Debug:
Thread started.
2023-10-02 00:15:35 UTC; #<Client:0x30022c8> - Debug:
Client connected. #<TCPSocket:fd 4>
2023-10-02 00:15:35 UTC; #<Client:0x30022c8> - Debug:
undefined method `+' for nil:NilClass
src/Server.rb:230:in `block in run'
2023-10-02 00:15:35 UTC; #<Client:0x30022c8> - Debug:
Client disconnected.
2023-10-02 00:15:35 UTC; #<Thread:0x3002610 run> - Debug:
Thread stopped.
2023-10-02 00:15:36 UTC; Main Thread - Debug:
New connection received.
2023-10-02 00:15:36 UTC; #<Thread:0x30007c8 run> - Debug:
Thread started.
2023-10-02 00:15:36 UTC; #<Client:0x3000498> - Debug:
Client connected. #<TCPSocket:fd 4>
2023-10-02 00:15:45 UTC; #<Client:0x3000498> - Debug:
Client logged in: 1 / 50
2023-10-02 00:20:18 UTC; #<Client:0x3000498> - Debug:
Client disconnected: 0 / 50
2023-10-02 00:20:18 UTC; #<Thread:0x30007c8 run> - Debug:
Thread stopped.
