2013-09-07 15:33:37 UTC; Log - User Logger:
Client 'Aegisrox20b' has connected.
Users currently online: 1 / 50

2013-09-07 17:00:57 UTC; Log - User Logger:
Client 'rmx' has connected.
Users currently online: 1 / 50

2013-09-07 17:01:20 UTC; Log - User Logger:
Client 'rmx' has disconnected.
Users currently online: 0 / 50

2013-09-07 17:02:11 UTC; Log - User Logger:
Client 'Aegisrox20b' has connected.
Users currently online: 1 / 50

2013-09-07 17:10:26 UTC; Log - User Logger:
Client 'Aegisrox20b' has disconnected.
Users currently online: 0 / 50

2013-09-07 17:11:16 UTC; Log - User Logger:
Client 'Aegisrox20b' has connected.
Users currently online: 1 / 50

2013-09-07 17:11:49 UTC; Log - User Logger:
Client 'Aegisrox20b' has disconnected.
Users currently online: 0 / 50

2013-09-07 23:20:43 UTC; Log - User Logger:
Client 'Aegisrox20b' has connected.
Users currently online: 1 / 50

2013-09-07 23:37:32 UTC; Log - User Logger:
Client 'Aegisrox20b' has connected.
Users currently online: 1 / 50

2013-09-07 23:45:44 UTC; Log - User Logger:
Client 'Aegisrox20b' has disconnected.
Users currently online: 0 / 50

2013-09-16 22:45:22 UTC; Log - User Logger:
Client 'Aegisroxtest' has connected.
Users currently online: 1 / 50

2013-09-16 22:47:02 UTC; Log - User Logger:
Client 'Aegisroxtest' has disconnected.
Users currently online: 0 / 50

2020-10-05 02:38:58 UTC; Log - User Logger:
Client 'cam' has connected.
Users currently online: 1 / 50

2020-10-05 02:40:36 UTC; Log - User Logger:
Client 'notcam' has connected.
Users currently online: 2 / 50

2020-10-05 02:42:49 UTC; Log - User Logger:
Client 'notcam' has disconnected.
Users currently online: 1 / 50

2020-10-05 02:42:51 UTC; Log - User Logger:
Client 'cam' has disconnected.
Users currently online: 0 / 50

2020-10-05 03:00:45 UTC; Log - User Logger:
Client 'notcam' has connected.
Users currently online: 1 / 50

2020-10-05 03:13:01 UTC; Log - User Logger:
Client 'notcam' has connected.
Users currently online: 1 / 50

2020-10-05 03:17:55 UTC; Log - User Logger:
Client 'notcam' has disconnected.
Users currently online: 0 / 50

2020-10-05 03:23:50 UTC; Log - User Logger:
Client 'notcam' has connected.
Users currently online: 1 / 50

2020-10-05 03:26:09 UTC; Log - User Logger:
Client 'notamagician' has connected.
Users currently online: 2 / 50

2020-10-05 03:29:40 UTC; Log - User Logger:
Client 'notamagician' has disconnected.
Users currently online: 1 / 50

2020-10-05 03:29:56 UTC; Log - User Logger:
Client 'notamagician' has connected.
Users currently online: 2 / 50

2020-10-05 03:30:04 UTC; Log - User Logger:
Client 'notamagician' has disconnected.
Users currently online: 1 / 50

2020-10-05 03:30:26 UTC; Log - User Logger:
Client 'notamagician' has connected.
Users currently online: 2 / 50

2020-10-05 03:33:04 UTC; Log - User Logger:
Client 'notamagician' has disconnected.
Users currently online: 1 / 50

2020-10-05 03:33:39 UTC; Log - User Logger:
Client 'notcam' has disconnected.
Users currently online: 0 / 50

2020-10-05 03:50:13 UTC; Log - User Logger:
Client 'cam' has connected.
Users currently online: 1 / 50

2020-10-05 03:52:27 UTC; Log - User Logger:
Client 'notamagician' has connected.
Users currently online: 2 / 50

2020-10-05 03:53:03 UTC; Log - User Logger:
Client 'notamagician' has disconnected.
Users currently online: 1 / 50

2020-10-05 03:55:34 UTC; Log - User Logger:
Client 'notamagician' has connected.
Users currently online: 2 / 50

2020-10-05 03:56:08 UTC; Log - User Logger:
Client 'notamagician' has disconnected.
Users currently online: 1 / 50

2020-10-05 03:58:41 UTC; Log - User Logger:
Client 'notcam' has connected.
Users currently online: 2 / 50

2020-10-05 03:59:29 UTC; Log - User Logger:
Client 'notcam' has disconnected.
Users currently online: 1 / 50

2020-10-05 03:59:44 UTC; Log - User Logger:
Client 'notamagician' has connected.
Users currently online: 2 / 50

2020-10-05 04:03:05 UTC; Log - User Logger:
Client 'cam' has disconnected.
Users currently online: 1 / 50

2020-10-05 04:04:24 UTC; Log - User Logger:
Client 'notamagician' has disconnected.
Users currently online: 0 / 50

2020-10-05 04:04:32 UTC; Log - User Logger:
Client 'notamagician' has connected.
Users currently online: 1 / 50

2020-10-05 04:04:47 UTC; Log - User Logger:
Client 'notamagician' has disconnected.
Users currently online: 0 / 50

2020-10-05 04:13:46 UTC; Log - User Logger:
Client 'cam' has connected.
Users currently online: 1 / 50

2020-10-05 04:17:19 UTC; Log - User Logger:
Client 'cam' has disconnected.
Users currently online: 0 / 50

2020-10-05 04:19:01 UTC; Log - User Logger:
Client 'cam' has connected.
Users currently online: 1 / 50

2020-10-05 04:20:50 UTC; Log - User Logger:
Client 'cam' has disconnected.
Users currently online: 0 / 50

2020-10-05 04:21:36 UTC; Log - User Logger:
Client 'cam' has connected.
Users currently online: 1 / 50

2020-10-05 04:24:09 UTC; Log - User Logger:
Client 'cam' has disconnected.
Users currently online: 0 / 50

2020-10-06 05:05:15 UTC; Log - User Logger:
Client 'cam' has connected.
Users currently online: 1 / 50

2020-10-06 05:05:50 UTC; Log - User Logger:
Client 'cam' has disconnected.
Users currently online: 0 / 50

2020-10-06 22:17:54 UTC; Log - User Logger:
Client 'cam' has connected.
Users currently online: 1 / 50

2020-10-06 22:18:01 UTC; Log - User Logger:
Client 'cam' has disconnected.
Users currently online: 0 / 50

2020-10-07 02:39:23 UTC; Log - User Logger:
Client 'cam' has connected.
Users currently online: 1 / 50

2020-10-07 03:06:06 UTC; Log - User Logger:
Client 'notcam' has connected.
Users currently online: 2 / 50

2020-10-07 03:18:01 UTC; Log - User Logger:
Client 'cam' has disconnected.
Users currently online: 1 / 50

2020-10-07 03:18:17 UTC; Log - User Logger:
Client 'cam' has connected.
Users currently online: 2 / 50

2020-10-07 03:18:46 UTC; Log - User Logger:
Client 'cam' has disconnected.
Users currently online: 1 / 50

2020-10-07 03:32:25 UTC; Log - User Logger:
Client 'notcam' has disconnected.
Users currently online: 0 / 50

2020-10-07 03:33:51 UTC; Log - User Logger:
Client 'cam' has connected.
Users currently online: 1 / 50

2020-10-07 03:34:35 UTC; Log - User Logger:
Client 'cam' has disconnected.
Users currently online: 0 / 50

2020-10-07 03:36:32 UTC; Log - User Logger:
Client 'cam' has connected.
Users currently online: 1 / 50

2020-10-07 03:37:14 UTC; Log - User Logger:
Client 'cam' has disconnected.
Users currently online: 0 / 50

2020-10-07 03:37:47 UTC; Log - User Logger:
Client 'asdfasdf' has connected.
Users currently online: 1 / 50

2020-10-07 03:45:02 UTC; Log - User Logger:
Client 'qwerqwer' has connected.
Users currently online: 2 / 50

2020-10-07 03:45:26 UTC; Log - User Logger:
Client 'asdfasdf' has disconnected.
Users currently online: 1 / 50

2020-10-07 03:51:37 UTC; Log - User Logger:
Client 'asdfasdf' has connected.
Users currently online: 2 / 50

2020-10-07 03:55:48 UTC; Log - User Logger:
Client 'qwerqwer' has disconnected.
Users currently online: 1 / 50

2020-10-07 03:56:19 UTC; Log - User Logger:
Client 'asdfasdf' has disconnected.
Users currently online: 0 / 50

2020-10-08 00:40:05 UTC; Log - User Logger:
Client 'asdfasdf' has connected.
Users currently online: 1 / 50

2020-10-08 00:41:14 UTC; Log - User Logger:
Client 'asdfasdf' has disconnected.
Users currently online: 0 / 50

2020-11-14 23:10:27 UTC; Log - User Logger:
Client 'asdfasdf' has connected.
Users currently online: 1 / 50

2020-11-14 23:10:51 UTC; Log - User Logger:
Client 'asdfasdf' has disconnected.
Users currently online: 0 / 50

2020-11-14 23:10:51 UTC; Log - User Logger:
Client 'asdfasdf' has connected.
Users currently online: 1 / 50

2020-11-14 23:11:03 UTC; Log - User Logger:
Client 'asdfasdf' has disconnected.
Users currently online: 0 / 50

2020-11-14 23:11:29 UTC; Log - User Logger:
Client 'qwerqwer' has connected.
Users currently online: 1 / 50

2020-11-14 23:11:55 UTC; Log - User Logger:
Client 'asdfasdf' has connected.
Users currently online: 2 / 50

2020-11-14 23:12:30 UTC; Log - User Logger:
Client 'qwerqwer' has disconnected.
Users currently online: 1 / 50

2020-11-14 23:12:31 UTC; Log - User Logger:
Client 'asdfasdf' has disconnected.
Users currently online: 0 / 50

2020-11-14 23:47:00 UTC; Log - User Logger:
Client 'asdfasdf' has connected.
Users currently online: 1 / 50

2020-11-14 23:55:03 UTC; Log - User Logger:
Client 'asdfasdf' has disconnected.
Users currently online: 0 / 50

2020-11-15 00:00:01 UTC; Log - User Logger:
Client 'asdfasdf' has connected.
Users currently online: 1 / 50

2020-11-15 00:00:16 UTC; Log - User Logger:
Client 'asdfasdf' has disconnected.
Users currently online: 0 / 50

2020-11-15 00:08:45 UTC; Log - User Logger:
Client 'asdfasdf' has connected.
Users currently online: 1 / 50

2020-11-15 00:08:58 UTC; Log - User Logger:
Client 'asdfasdf' has disconnected.
Users currently online: 0 / 50

2020-11-15 00:10:46 UTC; Log - User Logger:
Client 'asdfasdf' has connected.
Users currently online: 1 / 50

2020-11-15 00:11:19 UTC; Log - User Logger:
Client 'asdfasdf' has disconnected.
Users currently online: 0 / 50

2020-11-15 00:13:12 UTC; Log - User Logger:
Client 'asdfasdf' has connected.
Users currently online: 1 / 50

2020-11-15 00:13:43 UTC; Log - User Logger:
Client 'asdfasdf' has disconnected.
Users currently online: 0 / 50

2020-11-15 00:13:59 UTC; Log - User Logger:
Client 'asdfasdf' has connected.
Users currently online: 1 / 50

2020-11-15 00:14:18 UTC; Log - User Logger:
Client 'asdfasdf' has disconnected.
Users currently online: 0 / 50

2020-11-15 00:14:58 UTC; Log - User Logger:
Client 'asdfasdf' has connected.
Users currently online: 1 / 50

2020-11-15 00:17:00 UTC; Log - User Logger:
Client 'asdfasdf' has disconnected.
Users currently online: 0 / 50

2020-11-15 00:17:32 UTC; Log - User Logger:
Client 'asdfasdf' has connected.
Users currently online: 1 / 50

2020-11-15 00:17:57 UTC; Log - User Logger:
Client 'asdfasdf' has disconnected.
Users currently online: 0 / 50

2020-11-15 00:36:47 UTC; Log - User Logger:
Client 'booty' has connected.
Users currently online: 1 / 50

2020-11-15 00:42:59 UTC; Log - User Logger:
Client 'booty' has disconnected.
Users currently online: 0 / 50

2020-11-15 00:54:16 UTC; Log - User Logger:
Client 'booty' has connected.
Users currently online: 1 / 50

2020-11-15 00:54:34 UTC; Log - User Logger:
Client 'booty' has disconnected.
Users currently online: 0 / 50

2020-11-15 00:58:09 UTC; Log - User Logger:
Client 'booty' has connected.
Users currently online: 1 / 50

2020-11-15 01:00:06 UTC; Log - User Logger:
Client 'booty' has disconnected.
Users currently online: 0 / 50

2020-11-15 01:08:36 UTC; Log - User Logger:
Client 'booty' has connected.
Users currently online: 1 / 50

2020-11-15 01:08:57 UTC; Log - User Logger:
Client 'stunna' has connected.
Users currently online: 2 / 50

2020-11-15 01:11:40 UTC; Log - User Logger:
Client 'stunna' has disconnected.
Users currently online: 1 / 50

2020-11-15 01:11:56 UTC; Log - User Logger:
Client 'stunna' has connected.
Users currently online: 2 / 50

2020-11-15 01:12:54 UTC; Log - User Logger:
Client 'booty' has disconnected.
Users currently online: 1 / 50

2020-11-15 01:20:08 UTC; Log - User Logger:
Client 'stunna' has disconnected.
Users currently online: 0 / 50

2020-11-15 01:20:25 UTC; Log - User Logger:
Client 'stunna' has connected.
Users currently online: 1 / 50

2020-11-15 01:20:36 UTC; Log - User Logger:
Client 'booty' has connected.
Users currently online: 2 / 50

2020-11-15 01:23:39 UTC; Log - User Logger:
Client 'stunna' has disconnected.
Users currently online: 1 / 50

2020-11-15 01:23:56 UTC; Log - User Logger:
Client 'booty' has disconnected.
Users currently online: 0 / 50

2020-11-15 04:46:39 UTC; Log - User Logger:
Client 'booty' has connected.
Users currently online: 1 / 50

2020-11-15 04:46:53 UTC; Log - User Logger:
Client 'stunna' has connected.
Users currently online: 2 / 50

2020-11-15 04:47:43 UTC; Log - User Logger:
Client 'stunna' has disconnected.
Users currently online: 1 / 50

2020-11-15 04:48:00 UTC; Log - User Logger:
Client 'booty' has disconnected.
Users currently online: 0 / 50

2020-11-15 04:48:10 UTC; Log - User Logger:
Client 'stunna' has connected.
Users currently online: 1 / 50

2020-11-15 04:49:17 UTC; Log - User Logger:
Client 'stunna' has disconnected.
Users currently online: 0 / 50

2020-11-15 04:53:55 UTC; Log - User Logger:
Client 'stunna' has connected.
Users currently online: 1 / 50

2020-11-15 04:55:58 UTC; Log - User Logger:
Client 'stunna' has disconnected.
Users currently online: 0 / 50

2020-11-15 04:56:19 UTC; Log - User Logger:
Client 'stunna' has connected.
Users currently online: 1 / 50

2020-11-15 04:56:28 UTC; Log - User Logger:
Client 'stunna' has disconnected.
Users currently online: 0 / 50

2020-11-15 04:56:46 UTC; Log - User Logger:
Client 'stunna' has connected.
Users currently online: 1 / 50

2020-11-15 04:58:57 UTC; Log - User Logger:
Client 'stunna' has disconnected.
Users currently online: 0 / 50

2020-11-15 05:01:16 UTC; Log - User Logger:
Client 'stunna' has connected.
Users currently online: 1 / 50

2020-11-15 05:03:12 UTC; Log - User Logger:
Client 'stunna' has disconnected.
Users currently online: 0 / 50

2020-11-15 05:26:01 UTC; Log - User Logger:
Client 'stunna' has connected.
Users currently online: 1 / 50

2020-11-15 05:26:01 UTC; Log - User Logger:
Client 'stunna' has disconnected.
Users currently online: 0 / 50

2020-11-15 05:26:32 UTC; Log - User Logger:
Client 'stunna' has connected.
Users currently online: 1 / 50

2020-11-15 05:26:50 UTC; Log - User Logger:
Client 'stunna' has disconnected.
Users currently online: 0 / 50

2020-11-15 05:27:57 UTC; Log - User Logger:
Client 'stunna' has connected.
Users currently online: 1 / 50

2020-11-15 05:28:39 UTC; Log - User Logger:
Client 'booty' has connected.
Users currently online: 2 / 50

2020-11-15 05:29:58 UTC; Log - User Logger:
Client 'booty' has disconnected.
Users currently online: 1 / 50

2020-11-15 05:29:59 UTC; Log - User Logger:
Client 'stunna' has disconnected.
Users currently online: 0 / 50

2020-11-15 05:33:39 UTC; Log - User Logger:
Client 'booty' has connected.
Users currently online: 1 / 50

2020-11-15 05:33:52 UTC; Log - User Logger:
Client 'stunna' has connected.
Users currently online: 2 / 50

2020-11-15 05:35:03 UTC; Log - User Logger:
Client 'stunna' has disconnected.
Users currently online: 1 / 50

2020-11-15 05:35:04 UTC; Log - User Logger:
Client 'booty' has disconnected.
Users currently online: 0 / 50

2020-11-15 05:38:48 UTC; Log - User Logger:
Client 'stunna' has connected.
Users currently online: 1 / 50

2020-11-15 05:39:51 UTC; Log - User Logger:
Client 'booty' has connected.
Users currently online: 2 / 50

2020-11-15 05:40:57 UTC; Log - User Logger:
Client 'booty' has disconnected.
Users currently online: 1 / 50

2020-11-15 05:41:14 UTC; Log - User Logger:
Client 'stunna' has disconnected.
Users currently online: 0 / 50

2020-11-15 05:41:54 UTC; Log - User Logger:
Client 'booty' has connected.
Users currently online: 1 / 50

2020-11-15 05:42:18 UTC; Log - User Logger:
Client 'booty' has disconnected.
Users currently online: 0 / 50

2020-11-15 05:44:00 UTC; Log - User Logger:
Client 'booty' has connected.
Users currently online: 1 / 50

2020-11-15 05:44:18 UTC; Log - User Logger:
Client 'booty' has disconnected.
Users currently online: 0 / 50

2020-11-15 05:44:56 UTC; Log - User Logger:
Client 'booty' has connected.
Users currently online: 1 / 50

2020-11-15 05:45:17 UTC; Log - User Logger:
Client 'booty' has disconnected.
Users currently online: 0 / 50

2020-11-15 05:46:20 UTC; Log - User Logger:
Client 'booty' has connected.
Users currently online: 1 / 50

2020-11-15 05:46:38 UTC; Log - User Logger:
Client 'booty' has disconnected.
Users currently online: 0 / 50

2020-11-15 05:47:45 UTC; Log - User Logger:
Client 'booty' has connected.
Users currently online: 1 / 50

2020-11-15 05:48:34 UTC; Log - User Logger:
Client 'stunna' has connected.
Users currently online: 2 / 50

2020-11-15 05:49:15 UTC; Log - User Logger:
Client 'stunna' has disconnected.
Users currently online: 1 / 50

2020-11-15 05:49:16 UTC; Log - User Logger:
Client 'booty' has disconnected.
Users currently online: 0 / 50

2020-11-15 05:49:52 UTC; Log - User Logger:
Client 'stunna' has connected.
Users currently online: 1 / 50

2020-11-15 05:50:06 UTC; Log - User Logger:
Client 'booty' has connected.
Users currently online: 2 / 50

2020-11-15 05:51:55 UTC; Log - User Logger:
Client 'stunna' has disconnected.
Users currently online: 1 / 50

2020-11-15 05:51:58 UTC; Log - User Logger:
Client 'booty' has disconnected.
Users currently online: 0 / 50

2020-11-15 05:53:07 UTC; Log - User Logger:
Client 'booty' has connected.
Users currently online: 1 / 50

2020-11-15 05:54:02 UTC; Log - User Logger:
Client 'booty1' has connected.
Users currently online: 2 / 50

2020-11-15 05:54:13 UTC; Log - User Logger:
Client 'booty1' has disconnected.
Users currently online: 1 / 50

2020-11-15 05:54:20 UTC; Log - User Logger:
Client 'booty1' has connected.
Users currently online: 2 / 50

2020-11-15 05:56:30 UTC; Log - User Logger:
Client 'booty1' has connected.
Users currently online: 1 / 50

2020-11-15 05:57:54 UTC; Log - User Logger:
Client 'booty1' has disconnected.
Users currently online: 0 / 50

2020-11-15 06:06:22 UTC; Log - User Logger:
Client 'booty1' has connected.
Users currently online: 1 / 50

2020-11-15 06:06:47 UTC; Log - User Logger:
Client 'booty1' has disconnected.
Users currently online: 0 / 50

2020-11-15 06:07:28 UTC; Log - User Logger:
Client 'booty1' has connected.
Users currently online: 1 / 50

2020-11-15 06:07:44 UTC; Log - User Logger:
Client 'booty1' has disconnected.
Users currently online: 0 / 50

2020-11-15 17:12:39 UTC; Log - User Logger:
Client 'booty1' has connected.
Users currently online: 1 / 50

2020-11-15 17:19:45 UTC; Log - User Logger:
Client 'booty1' has disconnected.
Users currently online: 0 / 50

2020-11-15 17:28:04 UTC; Log - User Logger:
Client 'booty1' has connected.
Users currently online: 1 / 50

2020-11-15 17:28:43 UTC; Log - User Logger:
Client 'booty1' has disconnected.
Users currently online: 0 / 50

2020-11-15 17:35:42 UTC; Log - User Logger:
Client 'booty1' has connected.
Users currently online: 1 / 50

2020-11-15 17:35:54 UTC; Log - User Logger:
Client 'booty1' has disconnected.
Users currently online: 0 / 50

2020-11-15 17:50:16 UTC; Log - User Logger:
Client 'booty1' has connected.
Users currently online: 1 / 50

2020-11-15 17:50:40 UTC; Log - User Logger:
Client 'booty1' has disconnected.
Users currently online: 0 / 50

2020-11-15 17:56:17 UTC; Log - User Logger:
Client 'booty1' has connected.
Users currently online: 1 / 50

2020-11-15 17:56:28 UTC; Log - User Logger:
Client 'booty1' has disconnected.
Users currently online: 0 / 50

2020-11-15 17:58:49 UTC; Log - User Logger:
Client 'booty1' has connected.
Users currently online: 1 / 50

2020-11-15 17:58:55 UTC; Log - User Logger:
Client 'booty1' has disconnected.
Users currently online: 0 / 50

2020-11-15 18:10:54 UTC; Log - User Logger:
Client 'booty1' has connected.
Users currently online: 1 / 50

2020-11-15 18:11:11 UTC; Log - User Logger:
Client 'booty1' has disconnected.
Users currently online: 0 / 50

2020-11-15 18:14:46 UTC; Log - User Logger:
Client 'booty1' has connected.
Users currently online: 1 / 50

2020-11-15 18:16:15 UTC; Log - User Logger:
Client 'booty1' has disconnected.
Users currently online: 0 / 50

2020-11-15 18:20:05 UTC; Log - User Logger:
Client 'booty1' has connected.
Users currently online: 1 / 50

2020-11-15 18:20:33 UTC; Log - User Logger:
Client 'booty1' has disconnected.
Users currently online: 0 / 50

2020-11-15 18:20:50 UTC; Log - User Logger:
Client 'booty1' has connected.
Users currently online: 1 / 50

2020-11-15 18:21:09 UTC; Log - User Logger:
Client 'booty1' has disconnected.
Users currently online: 0 / 50

2020-11-15 18:26:32 UTC; Log - User Logger:
Client 'booty1' has connected.
Users currently online: 1 / 50

2020-11-15 18:26:49 UTC; Log - User Logger:
Client 'booty1' has disconnected.
Users currently online: 0 / 50

2020-11-15 18:27:30 UTC; Log - User Logger:
Client 'booty1' has connected.
Users currently online: 1 / 50

2020-11-15 18:27:56 UTC; Log - User Logger:
Client 'booty1' has disconnected.
Users currently online: 0 / 50

2020-11-15 19:00:24 UTC; Log - User Logger:
Client 'booty1' has connected.
Users currently online: 1 / 50

2020-11-15 19:01:57 UTC; Log - User Logger:
Client 'booty1' has disconnected.
Users currently online: 0 / 50

2020-11-15 19:04:38 UTC; Log - User Logger:
Client 'booty1' has connected.
Users currently online: 1 / 50

2020-11-15 19:05:06 UTC; Log - User Logger:
Client 'booty1' has disconnected.
Users currently online: 0 / 50

2020-11-15 19:05:26 UTC; Log - User Logger:
Client 'booty1' has connected.
Users currently online: 1 / 50

2020-11-15 19:06:33 UTC; Log - User Logger:
Client 'booty1' has disconnected.
Users currently online: 0 / 50

2020-11-15 19:10:15 UTC; Log - User Logger:
Client 'booty1' has connected.
Users currently online: 1 / 50

2020-11-15 19:10:33 UTC; Log - User Logger:
Client 'booty1' has disconnected.
Users currently online: 0 / 50

2020-11-15 19:11:43 UTC; Log - User Logger:
Client 'booty1' has connected.
Users currently online: 1 / 50

2020-11-15 19:11:59 UTC; Log - User Logger:
Client 'booty1' has disconnected.
Users currently online: 0 / 50

2020-11-15 19:12:31 UTC; Log - User Logger:
Client 'booty1' has connected.
Users currently online: 1 / 50

2020-11-15 19:12:58 UTC; Log - User Logger:
Client 'booty1' has disconnected.
Users currently online: 0 / 50

2020-11-15 19:16:49 UTC; Log - User Logger:
Client 'booty1' has connected.
Users currently online: 1 / 50

2020-11-15 19:17:07 UTC; Log - User Logger:
Client 'booty1' has disconnected.
Users currently online: 0 / 50

2020-11-15 19:19:30 UTC; Log - User Logger:
Client 'booty1' has connected.
Users currently online: 1 / 50

2020-11-15 19:19:57 UTC; Log - User Logger:
Client 'booty1' has disconnected.
Users currently online: 0 / 50

2020-11-15 19:22:18 UTC; Log - User Logger:
Client 'booty1' has connected.
Users currently online: 1 / 50

2020-11-15 19:22:34 UTC; Log - User Logger:
Client 'booty1' has disconnected.
Users currently online: 0 / 50

2020-11-15 19:23:00 UTC; Log - User Logger:
Client 'booty1' has connected.
Users currently online: 1 / 50

2020-11-15 19:23:14 UTC; Log - User Logger:
Client 'booty1' has disconnected.
Users currently online: 0 / 50

2020-11-15 19:23:21 UTC; Log - User Logger:
Client 'booty1' has connected.
Users currently online: 1 / 50

2020-11-15 19:23:41 UTC; Log - User Logger:
Client 'booty1' has disconnected.
Users currently online: 0 / 50

2020-11-15 19:24:01 UTC; Log - User Logger:
Client 'booty1' has connected.
Users currently online: 1 / 50

2020-11-15 19:24:16 UTC; Log - User Logger:
Client 'booty1' has disconnected.
Users currently online: 0 / 50

2020-11-15 19:38:55 UTC; Log - User Logger:
Client 'booty1' has connected.
Users currently online: 1 / 50

2020-11-15 19:39:09 UTC; Log - User Logger:
Client 'booty1' has disconnected.
Users currently online: 0 / 50

2020-11-15 19:39:48 UTC; Log - User Logger:
Client 'booty1' has connected.
Users currently online: 1 / 50

2020-11-15 19:40:05 UTC; Log - User Logger:
Client 'booty1' has disconnected.
Users currently online: 0 / 50

2020-11-15 19:41:09 UTC; Log - User Logger:
Client 'booty1' has connected.
Users currently online: 1 / 50

2020-11-15 19:41:27 UTC; Log - User Logger:
Client 'booty1' has disconnected.
Users currently online: 0 / 50

2020-11-15 19:42:06 UTC; Log - User Logger:
Client 'booty1' has connected.
Users currently online: 1 / 50

2020-11-15 19:42:34 UTC; Log - User Logger:
Client 'booty1' has disconnected.
Users currently online: 0 / 50

2020-11-15 19:42:55 UTC; Log - User Logger:
Client 'booty1' has connected.
Users currently online: 1 / 50

2020-11-15 19:43:18 UTC; Log - User Logger:
Client 'booty1' has disconnected.
Users currently online: 0 / 50

2020-11-15 19:45:32 UTC; Log - User Logger:
Client 'booty1' has connected.
Users currently online: 1 / 50

2020-11-15 19:45:57 UTC; Log - User Logger:
Client 'booty1' has disconnected.
Users currently online: 0 / 50

2020-11-15 19:47:01 UTC; Log - User Logger:
Client 'booty1' has connected.
Users currently online: 1 / 50

2020-11-15 19:47:26 UTC; Log - User Logger:
Client 'booty1' has disconnected.
Users currently online: 0 / 50

2020-11-15 19:50:44 UTC; Log - User Logger:
Client 'booty1' has connected.
Users currently online: 1 / 50

2020-11-15 19:51:05 UTC; Log - User Logger:
Client 'booty1' has disconnected.
Users currently online: 0 / 50

2020-11-15 19:52:29 UTC; Log - User Logger:
Client 'booty1' has connected.
Users currently online: 1 / 50

2020-11-15 19:52:39 UTC; Log - User Logger:
Client 'booty1' has disconnected.
Users currently online: 0 / 50

2020-11-15 19:54:03 UTC; Log - User Logger:
Client 'booty1' has connected.
Users currently online: 1 / 50

2020-11-15 19:54:16 UTC; Log - User Logger:
Client 'booty1' has disconnected.
Users currently online: 0 / 50

2020-11-15 19:54:56 UTC; Log - User Logger:
Client 'booty1' has connected.
Users currently online: 1 / 50

2020-11-15 19:55:20 UTC; Log - User Logger:
Client 'booty1' has disconnected.
Users currently online: 0 / 50

2020-11-15 19:58:21 UTC; Log - User Logger:
Client 'booty1' has connected.
Users currently online: 1 / 50

2020-11-15 19:58:44 UTC; Log - User Logger:
Client 'booty1' has disconnected.
Users currently online: 0 / 50

2020-11-15 20:01:03 UTC; Log - User Logger:
Client 'booty1' has connected.
Users currently online: 1 / 50

2020-11-15 20:01:24 UTC; Log - User Logger:
Client 'booty1' has disconnected.
Users currently online: 0 / 50

2020-11-15 20:01:50 UTC; Log - User Logger:
Client 'booty1' has connected.
Users currently online: 1 / 50

2020-11-15 20:02:10 UTC; Log - User Logger:
Client 'booty1' has disconnected.
Users currently online: 0 / 50

2020-11-15 20:05:38 UTC; Log - User Logger:
Client 'booty1' has connected.
Users currently online: 1 / 50

2020-11-15 20:06:13 UTC; Log - User Logger:
Client 'booty1' has disconnected.
Users currently online: 0 / 50

2020-11-15 20:08:42 UTC; Log - User Logger:
Client 'booty1' has connected.
Users currently online: 1 / 50

2020-11-15 20:09:16 UTC; Log - User Logger:
Client 'booty1' has disconnected.
Users currently online: 0 / 50

2020-11-15 20:12:33 UTC; Log - User Logger:
Client 'booty1' has connected.
Users currently online: 1 / 50

2020-11-15 20:12:44 UTC; Log - User Logger:
Client 'booty' has connected.
Users currently online: 2 / 50

2020-11-15 20:15:34 UTC; Log - User Logger:
Client 'booty' has disconnected.
Users currently online: 1 / 50

2020-11-15 20:15:35 UTC; Log - User Logger:
Client 'booty1' has disconnected.
Users currently online: 0 / 50

2020-11-15 20:16:10 UTC; Log - User Logger:
Client 'booty' has connected.
Users currently online: 1 / 50

2020-11-15 20:16:16 UTC; Log - User Logger:
Client 'booty1' has connected.
Users currently online: 2 / 50

2020-11-15 20:18:00 UTC; Log - User Logger:
Client 'booty' has disconnected.
Users currently online: 1 / 50

2020-11-15 20:18:01 UTC; Log - User Logger:
Client 'booty1' has disconnected.
Users currently online: 0 / 50

2020-11-15 21:28:52 UTC; Log - User Logger:
Client 'booty1' has connected.
Users currently online: 1 / 50

2020-11-15 21:29:07 UTC; Log - User Logger:
Client 'booty1' has disconnected.
Users currently online: 0 / 50

2020-11-15 21:30:02 UTC; Log - User Logger:
Client 'booty1' has connected.
Users currently online: 1 / 50

2020-11-15 21:30:08 UTC; Log - User Logger:
Client 'booty' has connected.
Users currently online: 2 / 50

2020-11-15 21:30:33 UTC; Log - User Logger:
Client 'booty' has disconnected.
Users currently online: 1 / 50

2020-11-15 21:32:01 UTC; Log - User Logger:
Client 'booty1' has connected.
Users currently online: 1 / 50

2020-11-15 21:32:07 UTC; Log - User Logger:
Client 'booty' has connected.
Users currently online: 2 / 50

2020-11-15 21:33:02 UTC; Log - User Logger:
Client 'booty' has disconnected.
Users currently online: 1 / 50

2020-11-15 21:34:10 UTC; Log - User Logger:
Client 'booty' has connected.
Users currently online: 1 / 50

2020-11-15 21:34:16 UTC; Log - User Logger:
Client 'booty1' has connected.
Users currently online: 2 / 50

2020-11-15 21:34:45 UTC; Log - User Logger:
Client 'booty' has disconnected.
Users currently online: 1 / 50

2020-11-15 21:34:49 UTC; Log - User Logger:
Client 'booty1' has disconnected.
Users currently online: 0 / 50

2020-11-15 21:37:57 UTC; Log - User Logger:
Client 'booty1' has connected.
Users currently online: 1 / 50

2020-11-15 21:38:04 UTC; Log - User Logger:
Client 'booty' has connected.
Users currently online: 2 / 50

2020-11-15 21:38:42 UTC; Log - User Logger:
Client 'booty' has disconnected.
Users currently online: 1 / 50

2020-11-15 21:38:47 UTC; Log - User Logger:
Client 'booty1' has disconnected.
Users currently online: 0 / 50

2020-11-15 21:46:46 UTC; Log - User Logger:
Client 'booty' has connected.
Users currently online: 1 / 50

2020-11-15 21:46:50 UTC; Log - User Logger:
Client 'booty1' has connected.
Users currently online: 2 / 50

2020-11-15 21:47:25 UTC; Log - User Logger:
Client 'booty1' has disconnected.
Users currently online: 1 / 50

2020-11-15 21:47:27 UTC; Log - User Logger:
Client 'booty' has disconnected.
Users currently online: 0 / 50

2020-11-15 21:47:55 UTC; Log - User Logger:
Client 'booty1' has connected.
Users currently online: 1 / 50

2020-11-15 21:48:01 UTC; Log - User Logger:
Client 'booty' has connected.
Users currently online: 2 / 50

2020-11-15 21:48:51 UTC; Log - User Logger:
Client 'booty' has disconnected.
Users currently online: 1 / 50

2020-11-15 21:49:25 UTC; Log - User Logger:
Client 'booty1' has disconnected.
Users currently online: 0 / 50

2020-11-15 21:49:51 UTC; Log - User Logger:
Client 'booty' has connected.
Users currently online: 1 / 50

2020-11-15 21:50:12 UTC; Log - User Logger:
Client 'booty1' has connected.
Users currently online: 2 / 50

2020-11-15 21:51:16 UTC; Log - User Logger:
Client 'booty1' has disconnected.
Users currently online: 1 / 50

2020-11-15 21:51:18 UTC; Log - User Logger:
Client 'booty' has disconnected.
Users currently online: 0 / 50

2020-11-15 21:56:02 UTC; Log - User Logger:
Client 'booty1' has connected.
Users currently online: 1 / 50

2020-11-15 21:56:02 UTC; Log - User Logger:
Client 'booty1' has disconnected.
Users currently online: 0 / 50

2020-11-15 21:56:36 UTC; Log - User Logger:
Client 'booty1' has connected.
Users currently online: 1 / 50

2020-11-15 21:57:04 UTC; Log - User Logger:
Client 'booty1' has disconnected.
Users currently online: 0 / 50

2020-11-15 21:57:15 UTC; Log - User Logger:
Client 'booty1' has connected.
Users currently online: 1 / 50

2020-11-15 21:57:45 UTC; Log - User Logger:
Client 'booty1' has disconnected.
Users currently online: 0 / 50

2020-11-15 21:58:31 UTC; Log - User Logger:
Client 'booty1' has connected.
Users currently online: 1 / 50

2020-11-15 21:58:46 UTC; Log - User Logger:
Client 'booty1' has disconnected.
Users currently online: 0 / 50

2020-11-15 21:59:14 UTC; Log - User Logger:
Client 'booty1' has connected.
Users currently online: 1 / 50

2020-11-15 22:00:17 UTC; Log - User Logger:
Client 'booty' has connected.
Users currently online: 2 / 50

2020-11-15 22:00:17 UTC; Log - User Logger:
Client 'booty' has disconnected.
Users currently online: 1 / 50

2020-11-15 22:00:29 UTC; Log - User Logger:
Client 'booty' has connected.
Users currently online: 2 / 50

2020-11-15 22:02:04 UTC; Log - User Logger:
Client 'booty1' has disconnected.
Users currently online: 1 / 50

2020-11-15 22:02:12 UTC; Log - User Logger:
Client 'booty' has disconnected.
Users currently online: 0 / 50

2020-11-15 22:04:07 UTC; Log - User Logger:
Client 'booty' has connected.
Users currently online: 1 / 50

2020-11-15 22:04:22 UTC; Log - User Logger:
Client 'booty1' has connected.
Users currently online: 2 / 50

2020-11-15 22:04:57 UTC; Log - User Logger:
Client 'booty' has disconnected.
Users currently online: 1 / 50

2020-11-15 22:05:05 UTC; Log - User Logger:
Client 'booty1' has disconnected.
Users currently online: 0 / 50

2020-11-15 22:07:53 UTC; Log - User Logger:
Client 'booty1' has connected.
Users currently online: 1 / 50

2020-11-15 22:08:11 UTC; Log - User Logger:
Client 'booty1' has disconnected.
Users currently online: 0 / 50

2020-11-15 22:08:32 UTC; Log - User Logger:
Client 'booty1' has connected.
Users currently online: 1 / 50

2020-11-15 22:08:47 UTC; Log - User Logger:
Client 'booty1' has disconnected.
Users currently online: 0 / 50

2020-11-15 22:09:19 UTC; Log - User Logger:
Client 'test1' has connected.
Users currently online: 1 / 50

2020-11-15 22:12:00 UTC; Log - User Logger:
Client 'test12' has connected.
Users currently online: 2 / 50

2020-11-15 22:14:54 UTC; Log - User Logger:
Client 'test1' has connected.
Users currently online: 1 / 50

2020-11-15 22:15:01 UTC; Log - User Logger:
Client 'test12' has connected.
Users currently online: 2 / 50

2020-11-15 22:15:34 UTC; Log - User Logger:
Client 'test1' has disconnected.
Users currently online: 1 / 50

2020-11-15 22:15:40 UTC; Log - User Logger:
Client 'test12' has disconnected.
Users currently online: 0 / 50

2020-11-15 22:16:56 UTC; Log - User Logger:
Client 'test12' has connected.
Users currently online: 1 / 50

2020-11-15 22:17:01 UTC; Log - User Logger:
Client 'test1' has connected.
Users currently online: 2 / 50

2020-11-15 22:17:40 UTC; Log - User Logger:
Client 'test12' has disconnected.
Users currently online: 1 / 50

2020-11-15 22:18:10 UTC; Log - User Logger:
Client 'test1' has disconnected.
Users currently online: 0 / 50

2020-11-15 22:18:16 UTC; Log - User Logger:
Client 'test1' has connected.
Users currently online: 1 / 50

2020-11-15 22:18:30 UTC; Log - User Logger:
Client 'test12' has connected.
Users currently online: 2 / 50

2020-11-15 22:20:06 UTC; Log - User Logger:
Client 'test12' has disconnected.
Users currently online: 1 / 50

2020-11-15 22:20:09 UTC; Log - User Logger:
Client 'test1' has disconnected.
Users currently online: 0 / 50

2020-11-15 22:32:08 UTC; Log - User Logger:
Client 'test12' has connected.
Users currently online: 1 / 50

2020-11-15 22:32:22 UTC; Log - User Logger:
Client 'test1' has connected.
Users currently online: 2 / 50

2020-11-15 22:33:11 UTC; Log - User Logger:
Client 'test1' has disconnected.
Users currently online: 1 / 50

2020-11-15 22:33:13 UTC; Log - User Logger:
Client 'test12' has disconnected.
Users currently online: 0 / 50

2020-11-15 22:35:30 UTC; Log - User Logger:
Client 'test1' has connected.
Users currently online: 1 / 50

2020-11-15 22:35:43 UTC; Log - User Logger:
Client 'test12' has connected.
Users currently online: 2 / 50

2020-11-15 22:36:35 UTC; Log - User Logger:
Client 'test1' has disconnected.
Users currently online: 1 / 50

2020-11-15 22:36:38 UTC; Log - User Logger:
Client 'test12' has disconnected.
Users currently online: 0 / 50

2020-11-15 22:37:35 UTC; Log - User Logger:
Client 'test1' has connected.
Users currently online: 1 / 50

2020-11-15 22:37:38 UTC; Log - User Logger:
Client 'test12' has connected.
Users currently online: 2 / 50

2020-11-15 22:39:32 UTC; Log - User Logger:
Client 'test1' has disconnected.
Users currently online: 1 / 50

2020-11-15 22:39:33 UTC; Log - User Logger:
Client 'test12' has disconnected.
Users currently online: 0 / 50

2020-11-16 03:00:21 UTC; Log - User Logger:
Client 'test123' has connected.
Users currently online: 1 / 50

2020-11-16 03:00:35 UTC; Log - User Logger:
Client 'inknosed' has connected.
Users currently online: 2 / 50

2020-11-16 03:03:38 UTC; Log - User Logger:
Client 'test123' has disconnected.
Users currently online: 1 / 50

2020-11-16 03:04:17 UTC; Log - User Logger:
Client 'inknosed' has disconnected.
Users currently online: 0 / 50

2020-11-16 03:04:28 UTC; Log - User Logger:
Client 'inknosed' has connected.
Users currently online: 1 / 50

2020-11-16 03:04:44 UTC; Log - User Logger:
Client 'test123' has connected.
Users currently online: 2 / 50

2020-11-16 03:05:31 UTC; Log - User Logger:
Client 'inknosed' has disconnected.
Client 'test123' has disconnected.
Users currently online: 0 / 50

2020-11-16 03:06:38 UTC; Log - User Logger:
Client 'inknosed' has connected.
Users currently online: 1 / 50

2020-11-16 03:16:23 UTC; Log - User Logger:
Client 'inknosed' has disconnected.
Users currently online: 0 / 50

2020-11-16 03:18:25 UTC; Log - User Logger:
Client 'test123' has connected.
Users currently online: 1 / 50

2020-11-16 03:22:14 UTC; Log - User Logger:
Client 'inknosed' has connected.
Users currently online: 2 / 50

2020-11-16 03:25:50 UTC; Log - User Logger:
Client 'inknosed' has disconnected.
Users currently online: 1 / 50

2020-11-16 03:26:32 UTC; Log - User Logger:
Client 'inknosed' has connected.
Users currently online: 2 / 50

2020-11-16 03:37:17 UTC; Log - User Logger:
Client 'test123' has disconnected.
Users currently online: 1 / 50

2020-11-16 03:37:44 UTC; Log - User Logger:
Client 'test123' has connected.
Users currently online: 2 / 50

2020-11-16 03:51:14 UTC; Log - User Logger:
Client 'inknosed' has disconnected.
Users currently online: 1 / 50

2020-11-16 03:51:33 UTC; Log - User Logger:
Client 'inknosed' has connected.
Users currently online: 2 / 50

2020-11-16 03:59:47 UTC; Log - User Logger:
Client 'test123' has disconnected.
Users currently online: 1 / 50

2020-11-16 04:00:03 UTC; Log - User Logger:
Client 'inknosed' has disconnected.
Users currently online: 0 / 50

2020-11-16 04:13:27 UTC; Log - User Logger:
Client 'test123' has connected.
Users currently online: 1 / 50

2020-11-16 04:14:12 UTC; Log - User Logger:
Client 'inknosed' has connected.
Users currently online: 2 / 50

2020-11-16 04:20:07 UTC; Log - User Logger:
Client 'test123' has disconnected.
Users currently online: 1 / 50

2020-11-16 04:20:39 UTC; Log - User Logger:
Client 'test123' has connected.
Users currently online: 2 / 50

2020-11-16 04:33:10 UTC; Log - User Logger:
Client 'inknosed' has disconnected.
Users currently online: 1 / 50

2020-11-16 04:35:22 UTC; Log - User Logger:
Client 'test123' has disconnected.
Users currently online: 0 / 50

2020-11-16 05:13:32 UTC; Log - User Logger:
Client 'test123' has connected.
Users currently online: 1 / 50

2020-11-16 05:14:06 UTC; Log - User Logger:
Client 'test12' has connected.
Users currently online: 2 / 50

2020-11-16 05:14:32 UTC; Log - User Logger:
Client 'test123' has disconnected.
Users currently online: 1 / 50

2020-11-16 05:14:32 UTC; Log - User Logger:
Client 'test12' has disconnected.
Users currently online: 0 / 50

2020-11-17 03:21:54 UTC; Log - User Logger:
Client 'dino12' has connected.
Users currently online: 1 / 50

2020-11-17 03:22:12 UTC; Log - User Logger:
Client 'dino12' has disconnected.
Users currently online: 0 / 50

2020-11-17 03:27:18 UTC; Log - User Logger:
Client 'bloc' has connected.
Users currently online: 1 / 50

2020-11-17 03:27:31 UTC; Log - User Logger:
Client 'bloc' has disconnected.
Users currently online: 0 / 50

2020-11-18 03:20:22 UTC; Log - User Logger:
Client 'test1234' has connected.
Users currently online: 1 / 50

2020-11-18 03:21:28 UTC; Log - User Logger:
Client 'test12345' has connected.
Users currently online: 2 / 50

2020-11-18 03:21:58 UTC; Log - User Logger:
Client 'test12345' has disconnected.
Users currently online: 1 / 50

2020-11-18 03:22:36 UTC; Log - User Logger:
Client 'test1234' has disconnected.
Users currently online: 0 / 50

2020-11-18 03:26:16 UTC; Log - User Logger:
Client 'test12345' has connected.
Users currently online: 1 / 50

2020-11-18 03:26:52 UTC; Log - User Logger:
Client 'test1234' has connected.
Users currently online: 2 / 50

2020-11-18 03:26:58 UTC; Log - User Logger:
Client 'test1234' has disconnected.
Users currently online: 1 / 50

2020-11-18 03:27:24 UTC; Log - User Logger:
Client 'test12345' has disconnected.
Users currently online: 0 / 50

2020-11-18 03:37:01 UTC; Log - User Logger:
Client 'test1234' has connected.
Users currently online: 1 / 50

2020-11-18 03:37:23 UTC; Log - User Logger:
Client 'test1234' has disconnected.
Users currently online: 0 / 50

2020-11-18 03:37:45 UTC; Log - User Logger:
Client 'test1234' has connected.
Users currently online: 1 / 50

2020-11-18 03:37:58 UTC; Log - User Logger:
Client 'test1234' has disconnected.
Users currently online: 0 / 50

2020-11-18 03:38:07 UTC; Log - User Logger:
Client 'test1234' has connected.
Users currently online: 1 / 50

2020-11-18 03:38:36 UTC; Log - User Logger:
Client 'test1234' has disconnected.
Users currently online: 0 / 50

2020-11-18 03:38:53 UTC; Log - User Logger:
Client 'test1234' has connected.
Users currently online: 1 / 50

2020-11-18 03:39:14 UTC; Log - User Logger:
Client 'test1234' has disconnected.
Users currently online: 0 / 50

2020-11-18 03:41:03 UTC; Log - User Logger:
Client 'test1234' has connected.
Users currently online: 1 / 50

2020-11-18 03:41:19 UTC; Log - User Logger:
Client 'test1234' has disconnected.
Users currently online: 0 / 50

2020-11-18 03:52:25 UTC; Log - User Logger:
Client 'test1234' has connected.
Users currently online: 1 / 50

2020-11-18 03:52:32 UTC; Log - User Logger:
Client 'test12345' has connected.
Users currently online: 2 / 50

2020-11-18 03:52:48 UTC; Log - User Logger:
Client 'test12345' has disconnected.
Users currently online: 1 / 50

2020-11-18 03:53:47 UTC; Log - User Logger:
Client 'test12345' has connected.
Users currently online: 2 / 50

2020-11-18 03:53:58 UTC; Log - User Logger:
Client 'test12345' has disconnected.
Users currently online: 1 / 50

2020-11-18 03:56:21 UTC; Log - User Logger:
Client 'test12345' has connected.
Users currently online: 2 / 50

2020-11-18 03:56:37 UTC; Log - User Logger:
Client 'test12345' has disconnected.
Users currently online: 1 / 50

2020-11-18 04:00:23 UTC; Log - User Logger:
Client 'test1234' has disconnected.
Users currently online: 0 / 50

2020-11-18 04:00:36 UTC; Log - User Logger:
Client 'test12345' has connected.
Users currently online: 1 / 50

2020-11-18 04:00:42 UTC; Log - User Logger:
Client 'test1234' has connected.
Users currently online: 2 / 50

2020-11-18 04:01:28 UTC; Log - User Logger:
Client 'test1234' has disconnected.
Users currently online: 1 / 50

2020-11-18 04:01:35 UTC; Log - User Logger:
Client 'test12345' has disconnected.
Users currently online: 0 / 50

2020-11-18 04:05:21 UTC; Log - User Logger:
Client 'test1234' has connected.
Users currently online: 1 / 50

2020-11-18 04:05:29 UTC; Log - User Logger:
Client 'test12345' has connected.
Users currently online: 2 / 50

2020-11-18 04:05:51 UTC; Log - User Logger:
Client 'test1234' has disconnected.
Users currently online: 1 / 50

2020-11-18 04:05:52 UTC; Log - User Logger:
Client 'test12345' has disconnected.
Users currently online: 0 / 50

2020-11-18 04:17:56 UTC; Log - User Logger:
Client 'test12345' has connected.
Users currently online: 1 / 50

2020-11-18 04:18:02 UTC; Log - User Logger:
Client 'test1234' has connected.
Users currently online: 2 / 50

2020-11-18 04:18:16 UTC; Log - User Logger:
Client 'test1234' has disconnected.
Users currently online: 1 / 50

2020-11-18 04:18:33 UTC; Log - User Logger:
Client 'test12345' has disconnected.
Users currently online: 0 / 50

2020-11-18 04:19:25 UTC; Log - User Logger:
Client 'test1234' has connected.
Users currently online: 1 / 50

2020-11-18 04:19:30 UTC; Log - User Logger:
Client 'test12345' has connected.
Users currently online: 2 / 50

2020-11-18 04:19:54 UTC; Log - User Logger:
Client 'test12345' has disconnected.
Users currently online: 1 / 50

2020-11-18 04:22:02 UTC; Log - User Logger:
Client 'test1234' has disconnected.
Users currently online: 0 / 50

2020-11-18 04:24:07 UTC; Log - User Logger:
Client 'test12345' has connected.
Users currently online: 1 / 50

2020-11-18 04:24:13 UTC; Log - User Logger:
Client 'test1234' has connected.
Users currently online: 2 / 50

2020-11-18 04:24:30 UTC; Log - User Logger:
Client 'test1234' has disconnected.
Users currently online: 1 / 50

2020-11-18 04:24:32 UTC; Log - User Logger:
Client 'test12345' has disconnected.
Users currently online: 0 / 50

2020-11-18 04:24:55 UTC; Log - User Logger:
Client 'test1234' has connected.
Users currently online: 1 / 50

2020-11-18 04:25:00 UTC; Log - User Logger:
Client 'test12345' has connected.
Users currently online: 2 / 50

2020-11-18 04:25:16 UTC; Log - User Logger:
Client 'test12345' has disconnected.
Users currently online: 1 / 50

2020-11-18 04:28:44 UTC; Log - User Logger:
Client 'test1234' has disconnected.
Users currently online: 0 / 50

2020-12-19 04:20:03 UTC; Log - User Logger:
Client 'duc' has connected.
Users currently online: 1 / 50

2020-12-19 04:21:29 UTC; Log - User Logger:
Client 'duc' has disconnected.
Users currently online: 0 / 50

2020-12-19 04:34:35 UTC; Log - User Logger:
Client 'duc' has connected.
Users currently online: 1 / 50

2020-12-19 04:36:45 UTC; Log - User Logger:
Client 'joyuas' has connected.
Users currently online: 2 / 50

2020-12-19 04:38:20 UTC; Log - User Logger:
Client 'joyuas' has disconnected.
Users currently online: 1 / 50

2020-12-19 04:38:20 UTC; Log - User Logger:
Client 'duc' has disconnected.
Users currently online: 0 / 50

2020-12-19 04:39:04 UTC; Log - User Logger:
Client 'joyuas' has connected.
Users currently online: 1 / 50

2020-12-19 04:39:50 UTC; Log - User Logger:
Client 'duc' has connected.
Users currently online: 2 / 50

2020-12-19 04:40:53 UTC; Log - User Logger:
Client 'duc' has disconnected.
Users currently online: 1 / 50

2020-12-19 04:41:35 UTC; Log - User Logger:
Client 'joyuas' has disconnected.
Users currently online: 0 / 50

2020-12-19 04:41:52 UTC; Log - User Logger:
Client 'duc' has connected.
Users currently online: 1 / 50

2020-12-19 04:42:20 UTC; Log - User Logger:
Client 'joyuas' has connected.
Users currently online: 2 / 50

2020-12-19 04:42:41 UTC; Log - User Logger:
Client 'joyuas' has disconnected.
Users currently online: 1 / 50

2020-12-19 04:42:41 UTC; Log - User Logger:
Client 'duc' has disconnected.
Users currently online: 0 / 50

2020-12-19 04:42:54 UTC; Log - User Logger:
Client 'test1' has connected.
Users currently online: 1 / 50

2020-12-19 04:43:54 UTC; Log - User Logger:
Client 'test12' has connected.
Users currently online: 2 / 50

2020-12-19 04:45:49 UTC; Log - User Logger:
Client 'test1' has disconnected.
Users currently online: 1 / 50

2020-12-19 04:45:55 UTC; Log - User Logger:
Client 'test12' has disconnected.
Users currently online: 0 / 50

